 2018-09-27 22:28:40,284 - fox - ERROR - ????error
 2018-09-27 22:28:40,289 - fox - CRITICAL - ????critical
 2018-09-27 22:30:55,010 - fox - ERROR - 锟斤拷锟斤拷error
 2018-09-27 22:30:55,010 - fox - CRITICAL - 锟斤拷锟斤拷critical
 2018-09-27 22:31:41,014 - fox - ERROR - 我是error
 2018-09-27 22:31:41,014 - fox - CRITICAL - 我是critical
 2018-09-27 22:32:42,534 - fox - ERROR - 我是error
 2018-09-27 22:32:42,534 - fox - CRITICAL - 我是critical
 2018-09-27 22:35:26,806 - fox - ERROR - 我是error
 2018-09-27 22:35:26,806 - fox - CRITICAL - 我是critical
 2018-09-27 22:39:13,783 - fox - ERROR - 我是error
 2018-09-27 22:39:13,783 - fox - CRITICAL - 我是critical
 2018-09-27 22:39:24,128 - fox - ERROR - 我是error
 2018-09-27 22:39:24,129 - fox - CRITICAL - 我是critical
 2018-12-03 10:21:25,277 - fox - ERROR - 我是error
 2018-12-03 10:21:25,277 - fox - CRITICAL - 我是critical
 2018-12-03 10:23:29,981 - fox - ERROR - 我是error
 2018-12-03 10:23:29,982 - fox - CRITICAL - 我是critical
 2018-12-03 10:24:01,317 - fox - ERROR - 我是error
 2018-12-03 10:24:01,317 - fox - CRITICAL - 我是critical
 2018-12-03 10:26:43,300 - fox - ERROR - 我是error
 2018-12-03 10:26:43,301 - fox - CRITICAL - 我是critical
 2018-12-03 10:27:32,706 - fox - ERROR - 我是error
 2018-12-03 10:27:32,706 - fox - CRITICAL - 我是critical
 2018-12-03 10:27:48,944 - fox - ERROR - 我是error
 2018-12-03 10:27:48,945 - fox - CRITICAL - 我是critical
 2018-12-03 10:28:02,174 - fox - ERROR - 我是error
 2018-12-03 10:28:02,174 - fox - CRITICAL - 我是critical
 2018-12-03 10:28:24,114 - fox - ERROR - 我是error
 2018-12-03 10:28:24,114 - fox - CRITICAL - 我是critical
 2018-12-03 10:29:03,132 - fox - ERROR - 我是error
 2018-12-03 10:29:03,132 - fox - CRITICAL - 我是critical
